<?xml version="1.0" encoding="UTF-8" ?>
<testsuite failures="0" time="0.006" errors="0" skipped="0" tests="43" name="step_definitions.RunCukesTest">
  <properties>
[...]
</properties>
  <testcase time="0.004" classname="Scenario: Check the page title for Home Page" name="Given I am on openweathermap current page"/>
  <testcase time="0" classname="Scenario: Check the page title for Home Page" name="When I navigate to &quot;Find your city&quot;"/>
  <testcase time="0.001" classname="Scenario: Check the page title for Home Page" name="Then I check the page title is &quot;find&quot;"/>
  <testcase time="0" classname="Scenario: Check the page title for Home Page" name="And I close the browser"/>
  <testcase time="0" classname="Scenario: Check the page title for Home Page" name="Scenario: Check the page title for Home Page"/>
  <testcase time="0" classname="Scenario: Check the page title for Weather Page" name="Given I am on openweathermap current page"/>
  <testcase time="0" classname="Scenario: Check the page title for Weather Page" name="When I navigate to &quot;Examples of OpenWeatherMap weather map layers&quot;"/>
  <testcase time="0" classname="Scenario: Check the page title for Weather Page" name="Then I check the page title is &quot;Web maps&quot;"/>
  <testcase time="0" classname="Scenario: Check the page title for Weather Page" name="And I close the browser"/>
  <testcase time="0" classname="Scenario: Check the page title for Weather Page" name="Scenario: Check the page title for Weather Page"/>
  <testcase time="0" classname="Scenario: Check the page title for API Page" name="Given I am on openweathermap current page"/>
  <testcase time="0" classname="Scenario: Check the page title for API Page" name="When I navigate to &quot;How to connect your weather station&quot;"/>
  <testcase time="0" classname="Scenario: Check the page title for API Page" name="Then I check the page title is &quot;stations&quot;"/>
  <testcase time="0" classname="Scenario: Check the page title for API Page" name="And I close the browser"/>
  <testcase time="0" classname="Scenario: Check the page title for API Page" name="Scenario: Check the page title for API Page"/>
  <testcase time="0" classname="Scenario: Check the page title for Price Page" name="Given I am on openweathermap current page"/>
  <testcase time="0" classname="Scenario: Check the page title for Price Page" name="When I navigate to &quot;Price of service and support&quot;"/>
  <testcase time="0" classname="Scenario: Check the page title for Price Page" name="Then I check the page title is &quot;Weather API Price-list&quot;"/>
  <testcase time="0" classname="Scenario: Check the page title for Price Page" name="And I close the browser"/>
  <testcase time="0" classname="Scenario: Check the page title for Price Page" name="Scenario: Check the page title for Price Page"/>
  <testcase time="0" classname="Scenario: Check the page title for Stations Page" name="Given I am on openweathermap current page"/>
  <testcase time="0" classname="Scenario: Check the page title for Stations Page" name="When I navigate to &quot;OpenWeatherMap technology&quot;"/>
  <testcase time="0" classname="Scenario: Check the page title for Stations Page" name="Then I check the page title is &quot;Technology&quot;"/>
  <testcase time="0" classname="Scenario: Check the page title for Stations Page" name="And I close the browser"/>
  <testcase time="0" classname="Scenario: Check the page title for Stations Page" name="Scenario: Check the page title for Stations Page"/>
  <testcase time="0" classname="Scenario: Check the page title for News Page" name="Given I am on openweathermap current page"/>
  <testcase time="0" classname="Scenario: Check the page title for News Page" name="When I navigate to &quot;Terms of Service&quot;"/>
  <testcase time="0.001" classname="Scenario: Check the page title for News Page" name="Then I check the page title is &quot;Terms&quot;"/>
  <testcase time="0" classname="Scenario: Check the page title for News Page" name="And I close the browser"/>
  <testcase time="0" classname="Scenario: Check the page title for News Page" name="Scenario: Check the page title for News Page"/>
  <testcase time="0" classname="Scenario: Navigate to Sign Up page" name="Given user is on openweathermap current page"/>
  <testcase time="0" classname="Scenario: Navigate to Sign Up page" name="When user clicks on Sign Up link"/>
  <testcase time="0" classname="Scenario: Navigate to Sign Up page" name="Then Create New Account page is displayed"/>
  <testcase time="0" classname="Scenario: Navigate to Sign Up page" name="Scenario: Navigate to Sign Up page"/>
  <testcase time="0" classname="Scenario: Submit form using valid data" name="Given user is on openweathermap current page"/>
  <testcase time="0" classname="Scenario: Submit form using valid data" name="When user clicks on Sign Up link"/>
  <testcase time="0" classname="Scenario: Submit form using valid data" name="And I submit the form with valid data"/>
  <testcase time="0" classname="Scenario: Submit form using valid data" name="Then I check that the form has been submitted"/>
  <testcase time="0" classname="Scenario: Submit form using valid data" name="Scenario: Submit form using valid data"/>
  <testcase time="0" classname="Scenario: Form data is wrong, new account can&apos;t be created" name="Given user is on SignUp page"/>
  <testcase time="0" classname="Scenario: Form data is wrong, new account can&apos;t be created" name="When user submits the form with blank data"/>
  <testcase time="0" classname="Scenario: Form data is wrong, new account can&apos;t be created" name="Then error messages are displayed correctly"/>
  <testcase time="0" classname="Scenario: Form data is wrong, new account can&apos;t be created" name="Scenario: Form data is wrong, new account can&apos;t be created"/>
</testsuite>